<?xml version="1.0" encoding="UTF-8"?>
<robot generator="Robot 3.2.1 (Python 3.8.3 on win32)" generated="20210226 13:06:26.416" rpa="false">
<suite id="s1" name="02 HAL IIC" source="C:\Users\Sachin S K\Downloads\HAL_Test_Automation-main\HAL_Test_Automation-main\Host_SW\02_HAL_IIC.robot">
<kw name="Open Connection And Log In" type="setup">
<kw name="Open Connection" library="SSHLibrary">
<doc>Opens a new SSH connection to the given ``host`` and ``port``.</doc>
<arguments>
<arg>${HOST}</arg>
<arg>port=${PORT}</arg>
<arg>timeout=30s</arg>
</arguments>
<status status="PASS" starttime="20210226 13:06:30.412" endtime="20210226 13:06:30.417"></status>
</kw>
<kw name="Login" library="SSHLibrary">
<doc>Logs into the SSH server with the given ``username`` and ``password``.</doc>
<arguments>
<arg>${USERNAME}</arg>
<arg>${PASSWORD}</arg>
</arguments>
<msg timestamp="20210226 13:06:30.420" level="INFO">Logging into 'proxy72.rt3.io:33086' as 'pi'.</msg>
<msg timestamp="20210226 13:06:31.401" level="FAIL">SSHException: Error reading SSH protocol banner[WinError 10054] An existing connection was forcibly closed by the remote host</msg>
<status status="FAIL" starttime="20210226 13:06:30.418" endtime="20210226 13:06:31.402"></status>
</kw>
<status status="FAIL" starttime="20210226 13:06:30.405" endtime="20210226 13:06:31.404"></status>
</kw>
<test id="s1-t1" name="IIC_Read_TestCase01">
<doc>Execute Command can be used to run commands on the remote machine.
The keyword returns the standard output by default.</doc>
<status status="FAIL" starttime="20210226 13:06:31.405" endtime="20210226 13:06:31.410" critical="yes">Parent suite setup failed:
SSHException: Error reading SSH protocol banner[WinError 10054] An existing connection was forcibly closed by the remote host</status>
</test>
<test id="s1-t2" name="IIC_Read_TestCase02">
<doc>Execute Command can be used to run commands on the remote machine.
The keyword returns the standard output by default.</doc>
<status status="FAIL" starttime="20210226 13:06:31.418" endtime="20210226 13:06:31.444" critical="yes">Parent suite setup failed:
SSHException: Error reading SSH protocol banner[WinError 10054] An existing connection was forcibly closed by the remote host</status>
</test>
<kw name="Close All Connections" library="SSHLibrary" type="teardown">
<doc>Closes all open connections.</doc>
<status status="PASS" starttime="20210226 13:06:31.479" endtime="20210226 13:06:31.482"></status>
</kw>
<doc>This example demonstrates executing a command on a remote machine
and getting its output.

Notice how connections are handled as part of the suite setup and
teardown. This saves some time when executing several test cases.</doc>
<status status="FAIL" starttime="20210226 13:06:26.422" endtime="20210226 13:06:31.482">Suite setup failed:
SSHException: Error reading SSH protocol banner[WinError 10054] An existing connection was forcibly closed by the remote host</status>
</suite>
<statistics>
<total>
<stat pass="0" fail="2">Critical Tests</stat>
<stat pass="0" fail="2">All Tests</stat>
</total>
<tag>
</tag>
<suite>
<stat pass="0" fail="2" id="s1" name="02 HAL IIC">02 HAL IIC</stat>
</suite>
</statistics>
<errors>
</errors>
</robot>
